{"/Volumes/Firestorm/github/public/udc-nlp/src/client/js/formHandler.js": {"path":"/Volumes/Firestorm/github/public/udc-nlp/src/client/js/formHandler.js","statementMap":{"0":{"start":{"line":3,"column":21},"end":{"line":17,"column":1}},"1":{"start":{"line":5,"column":16},"end":{"line":5,"column":52}},"2":{"start":{"line":7,"column":4},"end":{"line":16,"column":7}},"3":{"start":{"line":13,"column":22},"end":{"line":13,"column":37}},"4":{"start":{"line":15,"column":8},"end":{"line":15,"column":22}}},"fnMap":{"0":{"name":"(anonymous_0)","decl":{"start":{"line":3,"column":21},"end":{"line":3,"column":22}},"loc":{"start":{"line":3,"column":27},"end":{"line":17,"column":1}},"line":3},"1":{"name":"(anonymous_1)","decl":{"start":{"line":13,"column":10},"end":{"line":13,"column":11}},"loc":{"start":{"line":13,"column":22},"end":{"line":13,"column":37}},"line":13},"2":{"name":"(anonymous_2)","decl":{"start":{"line":14,"column":10},"end":{"line":14,"column":11}},"loc":{"start":{"line":14,"column":19},"end":{"line":16,"column":5}},"line":14}},"branchMap":{},"s":{"0":1,"1":0,"2":0,"3":0,"4":0},"f":{"0":0,"1":0,"2":0},"b":{},"_coverageSchema":"1a1c01bbd47fc00a2c39e90264f33305004495a9","hash":"5a55f9b6aed65c32ac89f82a0c66ee0df32c71c6"}
,"/Volumes/Firestorm/github/public/udc-nlp/src/client/js/updateUI.js": {"path":"/Volumes/Firestorm/github/public/udc-nlp/src/client/js/updateUI.js","statementMap":{"0":{"start":{"line":2,"column":20},"end":{"line":2,"column":54}},"1":{"start":{"line":3,"column":4},"end":{"line":3,"column":27}},"2":{"start":{"line":5,"column":17},"end":{"line":8,"column":5}},"3":{"start":{"line":10,"column":19},"end":{"line":10,"column":46}},"4":{"start":{"line":12,"column":4},"end":{"line":16,"column":5}},"5":{"start":{"line":13,"column":8},"end":{"line":13,"column":94}},"6":{"start":{"line":15,"column":8},"end":{"line":15,"column":103}},"7":{"start":{"line":18,"column":4},"end":{"line":18,"column":29}}},"fnMap":{"0":{"name":"updateUI","decl":{"start":{"line":1,"column":9},"end":{"line":1,"column":17}},"loc":{"start":{"line":1,"column":23},"end":{"line":19,"column":1}},"line":1}},"branchMap":{"0":{"loc":{"start":{"line":12,"column":4},"end":{"line":16,"column":5}},"type":"if","locations":[{"start":{"line":12,"column":4},"end":{"line":16,"column":5}},{"start":{"line":12,"column":4},"end":{"line":16,"column":5}}],"line":12}},"s":{"0":0,"1":0,"2":0,"3":0,"4":0,"5":0,"6":0,"7":0},"f":{"0":0},"b":{"0":[0,0]},"_coverageSchema":"1a1c01bbd47fc00a2c39e90264f33305004495a9","hash":"d3ef45013b7e1cfe9ac8f2d01af1fb4d23f88953"}
}
